
========== g1 · 공인중개사 1차 ==========
[g1/20241026] 대상 0 / 총 80
[g1/20231028] 대상 0 / 총 80
[g1/20221029] 대상 0 / 총 80
[g1/20211030] 대상 0 / 총 80
[g1/20201031] 대상 0 / 총 80
[g1/20191026] 대상 0 / 총 80
[g1/20181027] 대상 0 / 총 80
[g1/20171028] 대상 0 / 총 80
[g1/20161029] 대상 0 / 총 80
[g1/20151024] 대상 0 / 총 80
[g1/20141026] 대상 0 / 총 80
[g1/20131027] 대상 0 / 총 80
[g1/20121028] 대상 0 / 총 80
[g1/20111123] 대상 0 / 총 80
[g1/20101024] 대상 10 / 총 80
  Q29  ✓  ocr+1 enrich+0
  Q28  ✓  ocr+1 enrich+0
  Q38  ✓  ocr+1 enrich+0
  Q39  ✓  ocr+1 enrich+0
  Q40  ✓  ocr+1 enrich+0
  Q65  ✓  ocr+1 enrich+0
  Q75  ✓  ocr+1 enrich+0
  Q70  ✓  ocr+1 enrich+0
  Q76  ✓  ocr+1 enrich+0
  Q80  ✓  ocr+1 enrich+0
[g1/20081026] 대상 7 / 총 80
  Q18  ✓  ocr+1 enrich+0
  Q14  ✓  ocr+1 enrich+0
  Q22  ✓  ocr+1 enrich+0
  Q20  ✓  ocr+1 enrich+0
  Q32  ✓  ocr+1 enrich+0
  Q39  ✓  ocr+1 enrich+0
  Q75  ✓  ocr+1 enrich+0
[g1/20071028] 대상 11 / 총 80
  Q14  ✓  ocr+1 enrich+0
  Q6  ✓  ocr+1 enrich+0
  Q23  ✓  ocr+1 enrich+0
  Q25  ✓  ocr+1 enrich+0
  Q35  ✓  ocr+1 enrich+0
  Q36  ✓  ocr+1 enrich+0
  Q37  ✓  ocr+1 enrich+0
  Q40  ✓  ocr+1 enrich+0
  Q61  ✓  ocr+1 enrich+0
  Q65  ✓  ocr+1 enrich+0
  Q72  ✓  ocr+1 enrich+0
[g1/20061029] 대상 9 / 총 80
  Q17  ✓  ocr+1 enrich+0
  Q14  ✓  ocr+1 enrich+0
  Q22  ✓  ocr+1 enrich+0
  Q27  ✓  ocr+1 enrich+0
  Q36  ✓  ocr+1 enrich+0
  Q37  ✓  ocr+1 enrich+0
  Q59  ✓  ocr+1 enrich+0
  Q39  ✓  ocr+1 enrich+0
  Q70  ✓  ocr+1 enrich+0
[g1/20051030] 대상 15 / 총 80
  Q15  ✓  ocr+1 enrich+0
  Q14  ✓  ocr+1 enrich+0
  Q21  ✓  ocr+1 enrich+0
  Q22  ✓  ocr+1 enrich+0
  Q31  ✓  ocr+1 enrich+0
  Q32  ✓  ocr+1 enrich+0
  Q37  ✓  ocr+1 enrich+0
  Q39  ✓  ocr+1 enrich+0
  Q40  ✓  ocr+1 enrich+0
  Q45  ✓  ocr+1 enrich+0
  Q53  ✓  ocr+1 enrich+0
  Q64  ✓  ocr+1 enrich+0
  Q61  ✓  ocr+1 enrich+0
  Q73  ✓  ocr+1 enrich+0
  Q71  ✓  ocr+1 enrich+0
[g1/20050522] 대상 6 / 총 80
  Q72  ✓  ocr+0 enrich+1
  Q75  ✓  ocr+1 enrich+1
  Q71  ✓  ocr+1 enrich+1
  Q76  ✓  ocr+0 enrich+1
  Q77  ✓  ocr+0 enrich+1
  Q79  ✓  ocr+0 enrich+1
[g1] ocr+54 enrich+6 failed+0 · 20회차 · 7.3분

=== 총 ocr+54 enrich+6 failed+0 ===
