
========== iz · 정보처리기사 ==========
[iz/20220424] 대상 0 / 총 100
[iz/20220305] 대상 0 / 총 100
[iz/20210814] 대상 0 / 총 100
[iz/20210515] 대상 67 / 총 100
  Q35  ✓  ocr+0 enrich+1
  Q34  ✓  ocr+0 enrich+1
  Q36  ✓  ocr+0 enrich+1
  Q37  ✓  ocr+0 enrich+1
  Q38  ✓  ocr+0 enrich+1
  Q39  ✓  ocr+0 enrich+1
  Q40  ✓  ocr+0 enrich+1
  Q41  ✓  ocr+0 enrich+1
  Q42  ✓  ocr+0 enrich+1
  Q43  ✓  ocr+0 enrich+1
  Q44  ✓  ocr+0 enrich+1
  Q45  ✓  ocr+0 enrich+1
  Q47  ✓  ocr+0 enrich+1
  Q48  ✓  ocr+0 enrich+1
  Q46  ✓  ocr+5 enrich+1
  Q49  ✓  ocr+0 enrich+1
  Q51  ✓  ocr+0 enrich+1
  Q50  ✓  ocr+1 enrich+1
  Q52  ✓  ocr+0 enrich+1
  Q53  ✓  ocr+0 enrich+1
  Q54  ✓  ocr+0 enrich+1
  Q56  ✓  ocr+0 enrich+1
  Q55  ✓  ocr+1 enrich+1
  Q57  ✓  ocr+0 enrich+1
  Q58  ✓  ocr+0 enrich+1
  Q59  ✓  ocr+0 enrich+1
  Q60  ✓  ocr+0 enrich+1
  Q61  ✓  ocr+1 enrich+1
  Q63  ✓  ocr+1 enrich+1
  Q62  ✓  ocr+0 enrich+1
  Q65  ✓  ocr+0 enrich+1
  Q64  ✓  ocr+1 enrich+1
  Q66  ✓  ocr+0 enrich+1
  Q67  ✓  ocr+1 enrich+1
  Q68  ✓  ocr+0 enrich+1
  Q69  ✓  ocr+0 enrich+1
  Q70  ✓  ocr+1 enrich+1
  Q71  ✓  ocr+0 enrich+1
  Q73  ✓  ocr+1 enrich+1
  Q72  ✓  ocr+1 enrich+1
  Q74  ✓  ocr+0 enrich+1
  Q75  ✓  ocr+0 enrich+1
  Q76  ✓  ocr+0 enrich+1
  Q77  ✓  ocr+1 enrich+1
  Q78  ✓  ocr+0 enrich+1
  Q79  ✓  ocr+0 enrich+1
  Q80  ✓  ocr+0 enrich+1
  Q82  ✓  ocr+0 enrich+1
  Q81  ✓  ocr+1 enrich+1
  Q83  ✓  ocr+0 enrich+1
  Q85  ✓  ocr+0 enrich+1
  Q84  ✓  ocr+1 enrich+1
  Q87  ✓  ocr+0 enrich+1
  Q86  ✓  ocr+0 enrich+1
  Q88  ✓  ocr+0 enrich+1
  Q89  ✓  ocr+0 enrich+1
  Q90  ✓  ocr+0 enrich+1
  Q91  ✓  ocr+0 enrich+1
  Q92  ✓  ocr+0 enrich+1
  Q93  ✓  ocr+0 enrich+1
  Q94  ✓  ocr+0 enrich+1
  Q95  ✓  ocr+0 enrich+1
  Q97  ✓  ocr+0 enrich+1
  Q96  ✓  ocr+1 enrich+1
  Q98  ✓  ocr+0 enrich+1
  Q99  ✓  ocr+0 enrich+1
  Q100  ✓  ocr+0 enrich+1
[iz/20210307] 대상 100 / 총 100
  Q1  ✓  ocr+0 enrich+1
  Q2  ✓  ocr+0 enrich+1
  Q3  ✓  ocr+0 enrich+1
  Q4  ✓  ocr+0 enrich+1
  Q5  ✓  ocr+0 enrich+1
  Q6  ✓  ocr+0 enrich+1
  Q7  ✓  ocr+0 enrich+1
  Q8  ✓  ocr+1 enrich+1
  Q9  ✓  ocr+0 enrich+1
  Q11  ✓  ocr+0 enrich+1
  Q10  ✓  ocr+0 enrich+1
  Q13  ✓  ocr+0 enrich+1
  Q12  ✓  ocr+0 enrich+1
  Q14  ✓  ocr+0 enrich+1
  Q15  ✓  ocr+0 enrich+1
  Q16  ✓  ocr+0 enrich+1
  Q17  ✓  ocr+0 enrich+1
  Q18  ✓  ocr+0 enrich+1
  Q19  ✓  ocr+0 enrich+1
  Q20  ✓  ocr+0 enrich+1
  Q21  ✓  ocr+1 enrich+1
  Q22  ✓  ocr+1 enrich+1
  Q23  ✓  ocr+0 enrich+1
  Q24  ✓  ocr+1 enrich+1
  Q25  ✓  ocr+0 enrich+1
  Q26  ✓  ocr+0 enrich+1
  Q27  ✓  ocr+0 enrich+1
  Q28  ✓  ocr+0 enrich+1
  Q29  ✓  ocr+0 enrich+1
  Q30  ✓  ocr+0 enrich+1
  Q32  ✓  ocr+0 enrich+1
  Q31  ✓  ocr+0 enrich+1
  Q33  ✓  ocr+0 enrich+1
  Q34  ✓  ocr+0 enrich+1
  Q35  ✓  ocr+0 enrich+1
  Q36  ✓  ocr+0 enrich+1
  Q37  ✓  ocr+0 enrich+1
  Q38  ✓  ocr+0 enrich+1
  Q39  ✓  ocr+0 enrich+1
  Q40  ✓  ocr+1 enrich+1
  Q41  ✓  ocr+1 enrich+1
  Q42  ✓  ocr+1 enrich+1
  Q43  ✓  ocr+0 enrich+1
  Q44  ✓  ocr+1 enrich+1
  Q45  ✓  ocr+1 enrich+1
  Q46  ✓  ocr+0 enrich+1
  Q47  ✓  ocr+0 enrich+1
  Q48  ✓  ocr+1 enrich+1
  Q49  ✓  ocr+0 enrich+1
  Q50  ✓  ocr+0 enrich+1
  Q51  ✓  ocr+0 enrich+1
  Q52  ✓  ocr+0 enrich+1
  Q53  ✓  ocr+0 enrich+1
  Q54  ✓  ocr+0 enrich+1
  Q55  ✓  ocr+0 enrich+1
  Q56  ✓  ocr+0 enrich+1
  Q58  ✓  ocr+0 enrich+1
  Q59  ✓  ocr+0 enrich+1
  Q57  ✓  ocr+5 enrich+1
  Q60  ✓  ocr+0 enrich+1
  Q61  ✓  ocr+0 enrich+1
  Q62  ✓  ocr+0 enrich+1
  Q63  ✓  ocr+0 enrich+1
  Q64  ✓  ocr+0 enrich+1
  Q65  ✓  ocr+0 enrich+1
  Q66  ✓  ocr+0 enrich+1
  Q67  ✓  ocr+0 enrich+1
  Q68  ✓  ocr+0 enrich+1
  Q69  ✓  ocr+0 enrich+1
  Q71  ✓  ocr+0 enrich+1
  Q70  ✓  ocr+1 enrich+1
  Q72  ✓  ocr+0 enrich+1
  Q73  ✓  ocr+1 enrich+1
  Q74  ✓  ocr+1 enrich+1
  Q75  ✓  ocr+0 enrich+1
  Q76  ✓  ocr+0 enrich+1
  Q77  ✓  ocr+0 enrich+1
  Q78  ✓  ocr+0 enrich+1
  Q80  ✓  ocr+0 enrich+1
  Q79  ✓  ocr+1 enrich+1
  Q81  ✓  ocr+0 enrich+1
  Q82  ✓  ocr+0 enrich+1
  Q84  ✓  ocr+0 enrich+1
  Q83  ✓  ocr+1 enrich+1
  Q85  ✓  ocr+0 enrich+1
  Q86  ✓  ocr+0 enrich+1
  Q87  ✓  ocr+0 enrich+1
  Q88  ✓  ocr+0 enrich+1
  Q89  ✓  ocr+1 enrich+1
  Q90  ✓  ocr+0 enrich+1
  Q92  ✓  ocr+0 enrich+1
  Q91  ✓  ocr+1 enrich+1
  Q94  ✓  ocr+0 enrich+1
  Q93  ✓  ocr+1 enrich+1
  Q95  ✓  ocr+0 enrich+1
  Q96  ✓  ocr+0 enrich+1
  Q97  ✓  ocr+0 enrich+1
  Q98  ✓  ocr+0 enrich+1
  Q99  ✓  ocr+0 enrich+1
  Q100  ✓  ocr+0 enrich+1
[iz/20200926] 대상 100 / 총 100
  Q2  ✓  ocr+0 enrich+1
  Q1  ✓  ocr+0 enrich+1
  Q3  ✓  ocr+0 enrich+1
  Q4  ✓  ocr+0 enrich+1
  Q6  ✓  ocr+0 enrich+1
  Q7  ✓  ocr+0 enrich+1
  Q5  ✓  ocr+1 enrich+1
  Q9  ✓  ocr+0 enrich+1
  Q8  ✓  ocr+0 enrich+1
  Q10  ✓  ocr+0 enrich+1
  Q11  ✓  ocr+0 enrich+1
  Q12  ✓  ocr+0 enrich+1
  Q13  ✓  ocr+0 enrich+1
  Q15  ✓  ocr+0 enrich+1
  Q14  ✓  ocr+0 enrich+1
  Q16  ✓  ocr+0 enrich+1
  Q17  ✓  ocr+0 enrich+1
  Q18  ✓  ocr+0 enrich+1
  Q19  ✓  ocr+0 enrich+1
  Q20  ✓  ocr+0 enrich+1
  Q21  ✓  ocr+0 enrich+1
  Q23  ✓  ocr+0 enrich+1
  Q22  ✓  ocr+0 enrich+1
  Q25  ✓  ocr+0 enrich+1
  Q24  ✓  ocr+1 enrich+1
  Q26  ✓  ocr+0 enrich+1
  Q27  ✓  ocr+1 enrich+1
  Q28  ✓  ocr+0 enrich+1
  Q29  ✓  ocr+0 enrich+1
  Q30  ✓  ocr+0 enrich+1
  Q31  ✓  ocr+1 enrich+1
  Q32  ✓  ocr+1 enrich+1
  Q33  ✓  ocr+0 enrich+1
  Q35  ✓  ocr+0 enrich+1
  Q34  ✓  ocr+1 enrich+1
  Q36  ✓  ocr+0 enrich+1
  Q37  ✓  ocr+0 enrich+1
  Q38  ✓  ocr+0 enrich+1
  Q39  ✓  ocr+1 enrich+1
  Q40  ✓  ocr+0 enrich+1
  Q41  ✓  ocr+1 enrich+1
  Q42  ✓  ocr+0 enrich+1
  Q43  ✓  ocr+0 enrich+1
  Q44  ✓  ocr+0 enrich+1
  Q45  ✓  ocr+0 enrich+1
  Q46  ✓  ocr+0 enrich+1
  Q47  ✓  ocr+1 enrich+1
  Q48  ✓  ocr+0 enrich+1
  Q50  ✓  ocr+0 enrich+1
  Q49  ✓  ocr+1 enrich+1
  Q52  ✓  ocr+0 enrich+1
  Q51  ✓  ocr+5 enrich+1
  Q53  ✓  ocr+0 enrich+1
  Q54  ✓  ocr+0 enrich+1
  Q55  ✓  ocr+0 enrich+1
  Q56  ✓  ocr+0 enrich+1
  Q57  ✓  ocr+0 enrich+1
  Q59  ✓  ocr+0 enrich+1
  Q58  ✓  ocr+0 enrich+1
  Q60  ✓  ocr+0 enrich+1
  Q61  ✓  ocr+0 enrich+1
  Q62  ✓  ocr+0 enrich+1
  Q63  ✓  ocr+0 enrich+1
  Q64  ✓  ocr+0 enrich+1
  Q65  ✓  ocr+0 enrich+1
  Q66  ✓  ocr+1 enrich+1
  Q67  ✓  ocr+1 enrich+1
  Q68  ✓  ocr+1 enrich+1
  Q69  ✓  ocr+0 enrich+1
  Q71  ✓  ocr+1 enrich+1
  Q70  ✓  ocr+1 enrich+1
  Q72  ✓  ocr+0 enrich+1
  Q73  ✓  ocr+0 enrich+1
  Q74  ✓  ocr+0 enrich+1
  Q75  ✓  ocr+0 enrich+1
  Q76  ✓  ocr+0 enrich+1
  Q78  ✓  ocr+0 enrich+1
  Q77  ✓  ocr+1 enrich+1
  Q79  ✓  ocr+0 enrich+1
  Q80  ✓  ocr+0 enrich+1
  Q81  ✓  ocr+0 enrich+1
  Q82  ✓  ocr+0 enrich+1
  Q84  ✓  ocr+0 enrich+1
  Q83  ✓  ocr+1 enrich+1
  Q86  ✓  ocr+0 enrich+1
  Q85  ✓  ocr+1 enrich+1
  Q87  ✓  ocr+0 enrich+1
  Q88  ✓  ocr+0 enrich+1
  Q89  ✓  ocr+1 enrich+1
  Q90  ✓  ocr+1 enrich+1
  Q92  ✓  ocr+0 enrich+1
  Q91  ✓  ocr+0 enrich+1
  Q94  ✓  ocr+0 enrich+1
  Q93  ✓  ocr+1 enrich+1
  Q95  ✓  ocr+0 enrich+1
  Q96  ✓  ocr+0 enrich+1
  Q97  ✓  ocr+0 enrich+1
  Q98  ✓  ocr+0 enrich+1
  Q100  ✓  ocr+0 enrich+1
  Q99  ✓  ocr+1 enrich+1
[iz/20200822] 대상 100 / 총 100
  Q1  ✓  ocr+0 enrich+1
  Q3  ✓  ocr+0 enrich+1
  Q2  ✓  ocr+1 enrich+1
  Q4  ✓  ocr+0 enrich+1
  Q5  ✓  ocr+0 enrich+1
  Q6  ✓  ocr+0 enrich+1
  Q7  ✓  ocr+0 enrich+1
  Q8  ✓  ocr+0 enrich+1
  Q9  ✓  ocr+0 enrich+1
  Q10  ✓  ocr+0 enrich+1
  Q12  ✓  ocr+0 enrich+1
  Q11  ✓  ocr+1 enrich+1
  Q13  ✓  ocr+0 enrich+1
  Q14  ✓  ocr+1 enrich+1
  Q15  ✓  ocr+0 enrich+1
  Q16  ✓  ocr+0 enrich+1
  Q17  ✓  ocr+0 enrich+1
  Q18  ✓  ocr+0 enrich+1
  Q19  ✓  ocr+0 enrich+1
  Q20  ✓  ocr+0 enrich+1
  Q21  ✓  ocr+0 enrich+1
  Q22  ✓  ocr+0 enrich+1
  Q23  ✓  ocr+0 enrich+1
  Q24  ✓  ocr+0 enrich+1
  Q25  ✓  ocr+0 enrich+1
  Q26  ✓  ocr+1 enrich+1
  Q27  ✓  ocr+1 enrich+1
  Q28  ✓  ocr+0 enrich+1
  Q30  ✓  ocr+0 enrich+1
  Q29  ✓  ocr+1 enrich+1
  Q31  ✓  ocr+0 enrich+1
  Q32  ✓  ocr+0 enrich+1
  Q33  ✓  ocr+0 enrich+1
  Q34  ✓  ocr+0 enrich+1
  Q35  ✓  ocr+0 enrich+1
  Q36  ✓  ocr+1 enrich+1
  Q37  ✓  ocr+1 enrich+1
  Q38  ✓  ocr+0 enrich+1
  Q39  ✓  ocr+0 enrich+1
  Q40  ✓  ocr+1 enrich+1
  Q41  ✓  ocr+0 enrich+1
  Q43  ✓  ocr+0 enrich+1
  Q42  ✓  ocr+1 enrich+1
  Q45  ✓  ocr+0 enrich+1
  Q46  ✓  ocr+0 enrich+1
  Q44  ✓  ocr+5 enrich+1
  Q47  ✓  ocr+0 enrich+1
  Q48  ✓  ocr+0 enrich+1
  Q49  ✓  ocr+0 enrich+1
  Q50  ✓  ocr+0 enrich+1
  Q51  ✓  ocr+1 enrich+1
  Q53  ✓  ocr+1 enrich+1
  Q52  ✓  ocr+5 enrich+1
  Q54  ✓  ocr+0 enrich+1
  Q55  ✓  ocr+0 enrich+1
  Q57  ✓  ocr+0 enrich+1
  Q56  ✓  ocr+1 enrich+1
  Q58  ✓  ocr+0 enrich+1
  Q59  ✓  ocr+0 enrich+1
  Q60  ✓  ocr+0 enrich+1
  Q61  ✓  ocr+1 enrich+1
  Q62  ✓  ocr+1 enrich+1
  Q63  ✓  ocr+0 enrich+1
  Q64  ✓  ocr+0 enrich+1
  Q65  ✓  ocr+0 enrich+1
  Q67  ✓  ocr+0 enrich+1
  Q66  ✓  ocr+1 enrich+1
  Q68  ✓  ocr+0 enrich+1
  Q69  ✓  ocr+0 enrich+1
  Q71  ✓  ocr+0 enrich+1
  Q70  ✓  ocr+1 enrich+1
  Q72  ✓  ocr+0 enrich+1
  Q73  ✓  ocr+1 enrich+1
  Q74  ✓  ocr+0 enrich+1
  Q76  ✓  ocr+0 enrich+1
  Q75  ✓  ocr+1 enrich+1
  Q77  ✓  ocr+0 enrich+1
  Q79  ✓  ocr+0 enrich+1
  Q78  ✓  ocr+1 enrich+1
  Q80  ✓  ocr+0 enrich+1
  Q81  ✓  ocr+0 enrich+1
  Q82  ✓  ocr+0 enrich+1
  Q84  ✓  ocr+0 enrich+1
  Q83  ✓  ocr+1 enrich+1
  Q85  ✓  ocr+0 enrich+1
  Q86  ✓  ocr+0 enrich+1
  Q88  ✓  ocr+0 enrich+1
  Q87  ✓  ocr+0 enrich+1
  Q89  ✓  ocr+0 enrich+1
  Q90  ✓  ocr+0 enrich+1
  Q91  ✓  ocr+0 enrich+1
  Q92  ✓  ocr+1 enrich+1
  Q93  ✓  ocr+0 enrich+1
  Q94  ✓  ocr+0 enrich+1
  Q96  ✓  ocr+0 enrich+1
  Q95  ✓  ocr+1 enrich+1
  Q98  ✓  ocr+0 enrich+1
  Q97  ✓  ocr+1 enrich+1
  Q99  ✓  ocr+0 enrich+1
  Q100  ✓  ocr+1 enrich+1
[iz/20200606] 대상 100 / 총 100
  Q1  ✓  ocr+0 enrich+1
  Q2  ✓  ocr+0 enrich+1
  Q3  ✓  ocr+0 enrich+1
  Q4  ✓  ocr+0 enrich+1
  Q5  ✓  ocr+0 enrich+1
  Q6  ✓  ocr+0 enrich+1
  Q7  ✓  ocr+0 enrich+1
  Q9  ✓  ocr+0 enrich+1
  Q8  ✓  ocr+0 enrich+1
  Q11  ✓  ocr+0 enrich+1
  Q10  ✓  ocr+0 enrich+1
  Q12  ✓  ocr+0 enrich+1
  Q13  ✓  ocr+0 enrich+1
  Q15  ✓  ocr+0 enrich+1
  Q14  ✓  ocr+0 enrich+1
  Q16  ✓  ocr+0 enrich+1
  Q17  ✓  ocr+0 enrich+1
  Q18  ✓  ocr+0 enrich+1
  Q19  ✓  ocr+0 enrich+1
  Q20  ✓  ocr+0 enrich+1
  Q21  ✓  ocr+0 enrich+1
  Q22  ✓  ocr+0 enrich+1
  Q23  ✓  ocr+0 enrich+1
  Q25  ✓  ocr+0 enrich+1
  Q24  ✓  ocr+1 enrich+1
  Q27  ✓  ocr+0 enrich+1
  Q28  ✓  ocr+1 enrich+1
  Q26  ✓  ocr+1 enrich+1
  Q29  ✓  ocr+0 enrich+1
  Q30  ✓  ocr+0 enrich+1
  Q32  ✓  ocr+0 enrich+1
  Q31  ✓  ocr+1 enrich+1
  Q33  ✓  ocr+0 enrich+1
  Q34  ✓  ocr+0 enrich+1
  Q35  ✓  ocr+0 enrich+1
  Q36  ✓  ocr+0 enrich+1
  Q37  ✓  ocr+0 enrich+1
  Q38  ✓  ocr+0 enrich+1
  Q40  ✓  ocr+0 enrich+1
  Q39  ✓  ocr+0 enrich+1
  Q41  ✓  ocr+0 enrich+1
  Q42  ✓  ocr+1 enrich+1
  Q43  ✓  ocr+0 enrich+1
  Q44  ✓  ocr+0 enrich+1
  Q45  ✓  ocr+1 enrich+1
  Q46  ✓  ocr+0 enrich+1
  Q47  ✓  ocr+0 enrich+1
  Q48  ✓  ocr+0 enrich+1
  Q49  ✓  ocr+1 enrich+1
  Q50  ✓  ocr+4 enrich+1
  Q52  ✓  ocr+0 enrich+1
  Q51  ✓  ocr+1 enrich+1
  Q53  ✓  ocr+0 enrich+1
  Q54  ✓  ocr+0 enrich+1
  Q55  ✓  ocr+0 enrich+1
  Q56  ✓  ocr+0 enrich+1
  Q57  ✓  ocr+0 enrich+1
  Q58  ✓  ocr+0 enrich+1
  Q60  ✓  ocr+0 enrich+1
  Q59  ✓  ocr+1 enrich+1
  Q61  ✓  ocr+0 enrich+1
  Q62  ✓  ocr+0 enrich+1
  Q63  ✓  ocr+0 enrich+1
  Q64  ✓  ocr+0 enrich+1
  Q66  ✓  ocr+0 enrich+1
  Q65  ✓  ocr+0 enrich+1
  Q67  ✓  ocr+0 enrich+1
  Q68  ✓  ocr+0 enrich+1
  Q69  ✓  ocr+0 enrich+1
  Q70  ✓  ocr+0 enrich+1
  Q71  ✓  ocr+0 enrich+1
  Q72  ✓  ocr+0 enrich+1
  Q73  ✓  ocr+0 enrich+1
  Q74  ✓  ocr+0 enrich+1
  Q75  ✓  ocr+0 enrich+1
  Q76  ✓  ocr+0 enrich+1
  Q78  ✓  ocr+1 enrich+1
  Q77  ✓  ocr+1 enrich+1
  Q79  ✓  ocr+0 enrich+1
  Q80  ✓  ocr+0 enrich+1
  Q81  ✓  ocr+0 enrich+1
  Q82  ✓  ocr+0 enrich+1
  Q83  ✓  ocr+0 enrich+1
  Q84  ✓  ocr+0 enrich+1
  Q85  ✓  ocr+0 enrich+1
  Q86  ✓  ocr+0 enrich+1
  Q87  ✓  ocr+0 enrich+1
  Q88  ✓  ocr+0 enrich+1
  Q89  ✓  ocr+0 enrich+1
  Q90  ✓  ocr+0 enrich+1
  Q91  ✓  ocr+0 enrich+1
  Q93  ✓  ocr+0 enrich+1
  Q92  ✓  ocr+1 enrich+1
  Q94  ✓  ocr+0 enrich+1
  Q95  ✓  ocr+0 enrich+1
  Q96  ✓  ocr+0 enrich+1
  Q97  ✓  ocr+0 enrich+1
  Q98  ✓  ocr+0 enrich+1
  Q100  ✓  ocr+0 enrich+1
  Q99  ✓  ocr+1 enrich+1
[iz] ocr+120 enrich+467 failed+0 · 8회차 · 47.7분

=== 총 ocr+120 enrich+467 failed+0 ===
