
========== s2 ¬Ј мВђнЪМм°∞мВђлґДмДЭмВђ 2кЄЙ ==========
[s2/20210814] лМАмГБ 0 / міЭ 100
[s2/20210307] лМАмГБ 0 / міЭ 100
[s2/20200926] лМАмГБ 0 / міЭ 100
[s2/20200822] лМАмГБ 0 / міЭ 100
[s2/20200606] лМАмГБ 0 / міЭ 100
[s2/20190804] лМАмГБ 0 / міЭ 100
[s2/20190427] лМАмГБ 0 / міЭ 100
[s2/20190303] лМАмГБ 0 / міЭ 100
[s2/20180819] лМАмГБ 0 / міЭ 100
[s2/20180428] лМАмГБ 0 / міЭ 100
[s2/20180304] лМАмГБ 0 / міЭ 100
[s2/20170826] лМАмГБ 0 / міЭ 100
[s2/20170507] лМАмГБ 0 / міЭ 100
[s2/20170305] лМАмГБ 0 / міЭ 100
[s2/20160821] лМАмГБ 0 / міЭ 100
[s2/20160508] лМАмГБ 0 / міЭ 100
[s2/20160306] лМАмГБ 0 / міЭ 100
[s2/20150816] лМАмГБ 0 / міЭ 100
[s2/20150531] лМАмГБ 0 / міЭ 100
[s2/20150308] лМАмГБ 0 / міЭ 100
[s2/20140817] лМАмГБ 0 / міЭ 100
[s2/20140525] лМАмГБ 0 / міЭ 100
[s2/20140302] лМАмГБ 0 / міЭ 100
[s2/20130818] лМАмГБ 0 / міЭ 100
[s2/20130602] лМАмГБ 0 / міЭ 100
[s2/20130310] лМАмГБ 0 / міЭ 100
[s2/20120826] лМАмГБ 0 / міЭ 100
[s2/20120304] лМАмГБ 0 / міЭ 100
[s2/20110821] лМАмГБ 6 / міЭ 100
  Q43  вЬУ  ocr+1 enrich+0
  Q73  вЬУ  ocr+5 enrich+0
  Q78  вЬУ  ocr+1 enrich+0
  Q84  вЬУ  ocr+1 enrich+0
  Q87  вЬУ  ocr+0 enrich+1
  Q97  вЬУ  ocr+7 enrich+0
[s2/20110320] лМАмГБ 11 / міЭ 100
  Q11  вЬУ  ocr+1 enrich+0
  Q22  вЬУ  ocr+1 enrich+0
  Q46  вЬУ  ocr+1 enrich+0
  Q63  вЬУ  ocr+1 enrich+0
  Q66  вЬУ  ocr+1 enrich+0
  Q67  вЬУ  ocr+2 enrich+0
  Q75  вЬУ  ocr+1 enrich+0
  Q81  вЬУ  ocr+1 enrich+0
  Q83  вЬУ  ocr+1 enrich+1
  Q90  вЬУ  ocr+6 enrich+0
  Q99  вЬУ  ocr+1 enrich+0
[s2/20100725] лМАмГБ 14 / міЭ 100
  Q6  вЬУ  ocr+1 enrich+0
  Q9  вЬУ  ocr+1 enrich+0
  Q41  вЬУ  ocr+1 enrich+0
  Q55  вЬУ  ocr+1 enrich+0
  Q61  вЬУ  ocr+2 enrich+0
  Q67  вЬУ  ocr+5 enrich+0
  Q68  вЬУ  ocr+2 enrich+0
  Q69  вЬУ  ocr+1 enrich+0
  Q74  вЬУ  ocr+11 enrich+0
  Q86  вЬУ  ocr+1 enrich+0
  Q91  вЬУ  ocr+4 enrich+0
  Q93  вЬУ  ocr+1 enrich+0
  Q97  вЬУ  ocr+1 enrich+0
  Q100  вЬУ  ocr+2 enrich+0
[s2/20100307] лМАмГБ 11 / міЭ 100
  Q25  вЬУ  ocr+1 enrich+0
  Q29  вЬУ  ocr+1 enrich+0
  Q48  вЬУ  ocr+1 enrich+0
  Q55  вЬУ  ocr+1 enrich+0
  Q63  вЬУ  ocr+1 enrich+0
  Q64  вЬУ  ocr+5 enrich+0
  Q66  вЬУ  ocr+1 enrich+0
  Q72  вЬУ  ocr+3 enrich+0
  Q79  вЬУ  ocr+4 enrich+0
  Q83  вЬУ  ocr+1 enrich+0
  Q90  вЬУ  ocr+1 enrich+0
[s2/20090726] лМАмГБ 14 / міЭ 100
  Q23  вЬУ  ocr+1 enrich+0
  Q26  вЬУ  ocr+1 enrich+0
  Q31  вЬУ  ocr+1 enrich+0
  Q63  вЬУ  ocr+5 enrich+0
  Q69  вЬУ  ocr+5 enrich+0
  Q75  вЬУ  ocr+1 enrich+0
  Q76  вЬУ  ocr+1 enrich+0
  Q80  вЬУ  ocr+1 enrich+0
  Q86  вЬУ  ocr+6 enrich+0
  Q87  вЬУ  ocr+5 enrich+0
  Q88  вЬУ  ocr+5 enrich+0
  Q89  вЬУ  ocr+2 enrich+0
  Q90  вЬУ  ocr+1 enrich+0
  Q96  вЬУ  ocr+5 enrich+0
[s2/20080727] лМАмГБ 10 / міЭ 100
  Q17  вЬУ  ocr+1 enrich+0
  Q35  вЬУ  ocr+1 enrich+0
  Q61  вЬУ  ocr+5 enrich+0
  Q68  вЬУ  ocr+7 enrich+0
  Q71  вЬУ  ocr+1 enrich+0
  Q76  вЬУ  ocr+8 enrich+0
  Q77  вЬУ  ocr+5 enrich+0
  Q88  вЬУ  ocr+1 enrich+0
  Q92  вЬУ  ocr+1 enrich+0
  Q99  вЬУ  ocr+5 enrich+0
[s2/20080302] лМАмГБ 15 / міЭ 100
  Q13  вЬУ  ocr+1 enrich+0
  Q16  вЬУ  ocr+1 enrich+0
  Q17  вЬУ  ocr+1 enrich+0
  Q43  вЬУ  ocr+1 enrich+0
  Q61  вЬУ  ocr+1 enrich+0
  Q66  вЬУ  ocr+10 enrich+0
  Q69  вЬУ  ocr+1 enrich+0
  Q72  вЬУ  ocr+4 enrich+0
  Q73  вЬУ  ocr+4 enrich+0
  Q79  вЬУ  ocr+1 enrich+0
  Q80  вЬУ  ocr+7 enrich+0
  Q81  вЬУ  ocr+2 enrich+0
  Q82  вЬУ  ocr+1 enrich+0
  Q83  вЬУ  ocr+1 enrich+0
  Q89  вЬУ  ocr+1 enrich+0
[s2/20070805] лМАмГБ 15 / міЭ 100
  Q1  вЬУ  ocr+1 enrich+0
  Q21  вЬУ  ocr+1 enrich+0
  Q22  вЬУ  ocr+1 enrich+0
  Q46  вЬУ  ocr+1 enrich+0
  Q55  вЬУ  ocr+1 enrich+0
  Q66  вЬУ  ocr+5 enrich+0
  Q67  вЬУ  ocr+1 enrich+0
  Q69  вЬУ  ocr+1 enrich+0
  Q81  вЬУ  ocr+1 enrich+0
  Q86  вЬУ  ocr+4 enrich+0
  Q88  вЬУ  ocr+7 enrich+0
  Q90  вЬУ  ocr+1 enrich+0
  Q94  вЬУ  ocr+1 enrich+0
  Q96  вЬУ  ocr+1 enrich+0
  Q99  вЬУ  ocr+5 enrich+0
[s2/20060806] лМАмГБ 10 / міЭ 100
  Q4  вЬУ  ocr+1 enrich+0
  Q34  вЬУ  ocr+1 enrich+0
  Q49  вЬУ  ocr+1 enrich+0
  Q67  вЬУ  ocr+1 enrich+0
  Q77  вЬУ  ocr+1 enrich+0
  Q78  вЬУ  ocr+1 enrich+0
  Q86  вЬУ  ocr+5 enrich+1
  Q90  вЬУ  ocr+1 enrich+0
  Q94  вЬУ  ocr+1 enrich+0
  Q96  вЬУ  ocr+1 enrich+0
[s2/20050807] лМАмГБ 10 / міЭ 100
  Q60  вЬУ  ocr+1 enrich+0
  Q65  вЬУ  ocr+1 enrich+0
  Q69  вЬУ  ocr+1 enrich+0
  Q70  вЬУ  ocr+1 enrich+0
  Q71  вЬУ  ocr+1 enrich+0
  Q73  вЬУ  ocr+1 enrich+0
  Q76  вЬУ  ocr+1 enrich+0
  Q86  вЬУ  ocr+1 enrich+0
  Q93  вЬУ  ocr+1 enrich+0
  Q100  вЬУ  ocr+2 enrich+0
[s2/20040808] лМАмГБ 16 / міЭ 100
  Q13  вЬУ  ocr+1 enrich+0
  Q16  вЬУ  ocr+1 enrich+0
  Q22  вЬУ  ocr+1 enrich+0
  Q36  вЬУ  ocr+1 enrich+0
  Q40  вЬУ  ocr+1 enrich+0
  Q65  вЬУ  ocr+1 enrich+0
  Q66  вЬУ  ocr+2 enrich+0
  Q69  вЬУ  ocr+1 enrich+0
  Q74  вЬУ  ocr+8 enrich+0
  Q75  вЬУ  ocr+2 enrich+0
  Q79  вЬУ  ocr+4 enrich+0
  Q82  вЬУ  ocr+1 enrich+0
  Q84  вЬУ  ocr+1 enrich+0
  Q91  вЬУ  ocr+1 enrich+0
  Q93  вЬУ  ocr+1 enrich+0
  Q98  вЬУ  ocr+5 enrich+0
[s2/20030810] лМАмГБ 11 / міЭ 100
  Q6  вЬУ  ocr+1 enrich+0
  Q32  вЬУ  ocr+1 enrich+0
  Q53  вЬУ  ocr+1 enrich+0
  Q57  вЬУ  ocr+1 enrich+0
  Q64  вЬУ  ocr+1 enrich+0
  Q66  вЬУ  ocr+1 enrich+0
  Q70  вЬУ  ocr+1 enrich+0
  Q72  вЬУ  ocr+1 enrich+0
  Q76  вЬУ  ocr+4 enrich+0
  Q97  вЬУ  ocr+5 enrich+0
  Q100  вЬУ  ocr+7 enrich+0
[s2/20030316] лМАмГБ 11 / міЭ 100
  Q56  вЬУ  ocr+1 enrich+0
  Q57  вЬУ  ocr+1 enrich+0
  Q62  вЬУ  ocr+1 enrich+0
  Q63  вЬУ  ocr+9 enrich+0
  Q74  вЬУ  ocr+5 enrich+0
  Q76  вЬУ  ocr+1 enrich+0
  Q88  вЬУ  ocr+1 enrich+0
  Q89  вЬУ  ocr+1 enrich+0
  Q91  вЬУ  ocr+1 enrich+0
  Q94  вЬУ  ocr+2 enrich+0
  Q98  вЬУ  ocr+1 enrich+0
[s2/20020811] лМАмГБ 14 / міЭ 100
  Q9  вЬУ  ocr+1 enrich+0
  Q26  вЬУ  ocr+1 enrich+1
  Q37  вЬУ  ocr+1 enrich+0
  Q50  вЬУ  ocr+1 enrich+0
  Q63  вЬУ  ocr+1 enrich+0
  Q65  вЬУ  ocr+1 enrich+0
  Q66  вЬУ  ocr+1 enrich+0
  Q67  вЬУ  ocr+4 enrich+0
  Q69  вЬУ  ocr+2 enrich+0
  Q71  вЬУ  ocr+5 enrich+0
  Q74  вЬУ  ocr+7 enrich+0
  Q75  вЬУ  ocr+5 enrich+0
  Q82  вЬУ  ocr+1 enrich+0
  Q88  вЬУ  ocr+1 enrich+0
[s2/20020310] лМАмГБ 10 / міЭ 100
  Q12  вЬУ  ocr+1 enrich+0
  Q13  вЬУ  ocr+1 enrich+0
  Q48  вЬУ  ocr+1 enrich+0
  Q56  вЬУ  ocr+1 enrich+0
  Q76  вЬУ  ocr+1 enrich+0
  Q87  вЬУ  ocr+1 enrich+0
  Q92  вЬУ  ocr+1 enrich+0
  Q93  вЬУ  ocr+1 enrich+0
  Q97  вЬУ  ocr+1 enrich+0
  Q98  вЬУ  ocr+1 enrich+0
[s2/20010923] лМАмГБ 9 / міЭ 100
  Q9  вЬУ  ocr+1 enrich+0
  Q29  вЬУ  ocr+1 enrich+0
  Q61  вЬУ  ocr+1 enrich+0
  Q64  вЬУ  ocr+3 enrich+0
  Q67  вЬУ  ocr+1 enrich+0
  Q75  вЬУ  ocr+1 enrich+0
  Q91  вЬУ  ocr+1 enrich+0
  Q98  вЬУ  ocr+1 enrich+0
  Q99  вЬУ  ocr+4 enrich+0
[s2/20000920] лМАмГБ 1 / міЭ 100
  Q35  вЬУ  ocr+4 enrich+0
[s2/20000312] лМАмГБ 10 / міЭ 100
  Q14  вЬУ  ocr+1 enrich+0
  Q16  вЬУ  ocr+1 enrich+0
  Q39  вЬУ  ocr+1 enrich+0
  Q67  вЬУ  ocr+1 enrich+0
  Q73  вЬУ  ocr+1 enrich+0
  Q76  вЬУ  ocr+1 enrich+0
  Q80  вЬУ  ocr+1 enrich+0
  Q81  вЬУ  ocr+4 enrich+0
  Q96  вЬУ  ocr+4 enrich+0
  Q97  вЬУ  ocr+1 enrich+0
[s2] ocr+411 enrich+4 failed+0 ¬Ј 46нЪМм∞® ¬Ј 44.2лґД

=== міЭ ocr+411 enrich+4 failed+0 ===
