
========== s2 · 사회조사분석사 2급 ==========
[s2/20210814] 대상 0 / 총 100
[s2/20210307] 대상 0 / 총 100
[s2/20200926] 대상 0 / 총 100
[s2/20200822] 대상 0 / 총 100
[s2/20200606] 대상 0 / 총 100
[s2/20190804] 대상 0 / 총 100
[s2/20190427] 대상 0 / 총 100
[s2/20190303] 대상 0 / 총 100
[s2/20180819] 대상 0 / 총 100
[s2/20180428] 대상 0 / 총 100
[s2/20180304] 대상 0 / 총 100
[s2/20170826] 대상 0 / 총 100
[s2/20170507] 대상 0 / 총 100
[s2/20170305] 대상 0 / 총 100
[s2/20160821] 대상 0 / 총 100
[s2/20160508] 대상 0 / 총 100
[s2/20160306] 대상 0 / 총 100
[s2/20150816] 대상 0 / 총 100
[s2/20150531] 대상 0 / 총 100
[s2/20150308] 대상 0 / 총 100
[s2/20140817] 대상 0 / 총 100
[s2/20140525] 대상 0 / 총 100
[s2/20140302] 대상 0 / 총 100
[s2/20130818] 대상 0 / 총 100
[s2/20130602] 대상 0 / 총 100
[s2/20130310] 대상 0 / 총 100
[s2/20120826] 대상 0 / 총 100
[s2/20120304] 대상 0 / 총 100
[s2/20110821] 대상 5 / 총 100
  Q43  ✓  ocr+1 enrich+0
  Q73  ✓  ocr+5 enrich+1
  Q78  ✓  ocr+1 enrich+1
  Q97  ✓  ocr+7 enrich+1
  Q84  ✓  ocr+1 enrich+1
[s2/20110320] 대상 11 / 총 100
  Q11  ✓  ocr+1 enrich+1
  Q22  ✓  ocr+1 enrich+1
  Q63  ✓  ocr+1 enrich+1
  Q46  ✓  ocr+1 enrich+1
  Q66  ✓  ocr+1 enrich+1
  Q67  ✓  ocr+2 enrich+1
  Q75  ✓  ocr+1 enrich+1
  Q83  ✓  ocr+1 enrich+0
  Q90  ✓  ocr+6 enrich+1
  Q81  ✓  ocr+1 enrich+1
  Q99  ✓  ocr+1 enrich+1
[s2/20100725] 대상 14 / 총 100
  Q6  ✓  ocr+1 enrich+1
  Q9  ✓  ocr+1 enrich+1
  Q41  ✓  ocr+1 enrich+1
  Q55  ✓  ocr+1 enrich+1
  Q61  ✓  ocr+2 enrich+0
  Q67  ✓  ocr+5 enrich+1
  Q68  ✓  ocr+2 enrich+1
  Q69  ✓  ocr+1 enrich+1
  Q74  ✓  ocr+11 enrich+1
  Q91  ✓  ocr+4 enrich+1
  Q86  ✓  ocr+1 enrich+1
  Q97  ✓  ocr+1 enrich+1
  Q93  ✓  ocr+1 enrich+1
  Q100  ✓  ocr+2 enrich+1
[s2/20100307] 대상 11 / 총 100
  Q29  ✓  ocr+1 enrich+1
  Q25  ✓  ocr+1 enrich+1
  Q55  ✓  ocr+1 enrich+1
  Q48  ✓  ocr+1 enrich+1
  Q63  ✓  ocr+1 enrich+1
  Q64  ✓  ocr+5 enrich+1
  Q66  ✓  ocr+1 enrich+1
  Q72  ✓  ocr+3 enrich+1
  Q79  ✓  ocr+4 enrich+1
  Q83  ✓  ocr+1 enrich+1
  Q90  ✓  ocr+1 enrich+1
[s2/20090726] 대상 16 / 총 100
  Q26  ✓  ocr+1 enrich+1
  Q23  ✓  ocr+1 enrich+1
  Q31  ✓  ocr+1 enrich+1
  Q63  ✓  ocr+5 enrich+1
  Q75  ✓  ocr+1 enrich+1
  Q69  ✓  ocr+5 enrich+1
  Q76  ✓  ocr+1 enrich+1
  Q80  ✓  ocr+1 enrich+1
  Q77  ✓  ocr+0 enrich+1
  Q85  ✓  ocr+0 enrich+1
  Q86  ✓  ocr+6 enrich+1
  Q87  ✓  ocr+5 enrich+1
  Q89  ✓  ocr+2 enrich+1
  Q88  ✓  ocr+5 enrich+1
  Q90  ✓  ocr+1 enrich+1
  Q96  ✓  ocr+5 enrich+1
[s2/20080727] 대상 10 / 총 100
  Q35  ✓  ocr+1 enrich+1
  Q17  ✓  ocr+1 enrich+1
  Q61  ✓  ocr+5 enrich+1
  Q68  ✓  ocr+7 enrich+1
  Q71  ✓  ocr+1 enrich+1
  Q77  ✓  ocr+5 enrich+1
  Q88  ✓  ocr+1 enrich+1
  Q92  ✓  ocr+1 enrich+1
  Q99  ✓  ocr+5 enrich+1
  Q76  ✓  ocr+8 enrich+1
[s2/20080302] 대상 15 / 총 100
  Q13  ✓  ocr+1 enrich+1
  Q16  ✓  ocr+1 enrich+1
  Q17  ✓  ocr+1 enrich+1
  Q43  ✓  ocr+1 enrich+1
  Q61  ✓  ocr+1 enrich+1
  Q66  ✓  ocr+10 enrich+1
  Q69  ✓  ocr+1 enrich+1
  Q72  ✓  ocr+4 enrich+1
  Q73  ✓  ocr+4 enrich+1
  Q79  ✓  ocr+1 enrich+1
  Q81  ✓  ocr+2 enrich+1
  Q80  ✓  ocr+7 enrich+1
  Q82  ✓  ocr+1 enrich+1
  Q83  ✓  ocr+1 enrich+1
  Q89  ✓  ocr+1 enrich+1
[s2/20070805] 대상 26 / 총 100
  Q1  ✓  ocr+1 enrich+1
  Q21  ✓  ocr+1 enrich+1
  Q22  ✓  ocr+1 enrich+1
  Q42  ✓  ocr+0 enrich+1
  Q46  ✓  ocr+1 enrich+1
  Q35  ✓  ocr+0 enrich+1
  Q55  ✓  ocr+1 enrich+1
  Q67  ✓  ocr+1 enrich+1
  Q69  ✓  ocr+1 enrich+1
  Q66  ✓  ocr+5 enrich+1
  Q81  ✓  ocr+1 enrich+1
  Q87  ✓  ocr+0 enrich+1
  Q86  ✓  ocr+4 enrich+1
  Q88  ✓  ocr+7 enrich+1
  Q90  ✓  ocr+1 enrich+1
  Q89  ✓  ocr+0 enrich+1
  Q91  ✓  ocr+0 enrich+1
  Q92  ✓  ocr+0 enrich+1
  Q93  ✓  ocr+0 enrich+1
  Q94  ✓  ocr+1 enrich+1
  Q95  ✓  ocr+0 enrich+1
  Q97  ✓  ocr+0 enrich+1
  Q96  ✓  ocr+1 enrich+1
  Q98  ✓  ocr+0 enrich+1
  Q100  ✓  ocr+0 enrich+1
  Q99  ✓  ocr+5 enrich+1
[s2/20060806] 대상 15 / 총 100
  Q2  ✓  ocr+0 enrich+1
  Q1  ✓  ocr+0 enrich+1
  Q3  ✓  ocr+0 enrich+1
  Q4  ✓  ocr+1 enrich+1
  Q6  ✓  ocr+0 enrich+1
  Q5  ✓  ocr+0 enrich+1
  Q34  ✓  ocr+1 enrich+1
  Q49  ✓  ocr+1 enrich+1
  Q67  ✓  ocr+1 enrich+1
  Q77  ✓  ocr+1 enrich+1
  Q78  ✓  ocr+1 enrich+1
  Q86  ✓  ocr+5 enrich+0
  Q90  ✓  ocr+1 enrich+1
  Q94  ✓  ocr+1 enrich+1
  Q96  ✓  ocr+1 enrich+1
[s2/20050807] 대상 11 / 총 100
  Q46  ✓  ocr+0 enrich+1
  Q60  ✓  ocr+1 enrich+1
  Q65  ✓  ocr+1 enrich+1
  Q69  ✓  ocr+1 enrich+1
  Q70  ✓  ocr+1 enrich+1
  Q71  ✓  ocr+1 enrich+1
  Q73  ✓  ocr+1 enrich+1
  Q76  ✓  ocr+1 enrich+1
  Q86  ✓  ocr+1 enrich+1
  Q93  ✓  ocr+1 enrich+1
  Q100  ✓  ocr+2 enrich+1
[s2/20040808] 대상 18 / 총 100
  Q13  ✓  ocr+1 enrich+1
  Q16  ✓  ocr+1 enrich+1
  Q22  ✓  ocr+1 enrich+1
  Q36  ✓  ocr+1 enrich+1
  Q40  ✓  ocr+1 enrich+1
  Q12  ✓  ocr+0 enrich+1
  Q61  ✓  ocr+0 enrich+1
  Q66  ✓  ocr+2 enrich+1
  Q69  ✓  ocr+1 enrich+1
  Q74  ✓  ocr+8 enrich+1
  Q75  ✓  ocr+2 enrich+1
  Q79  ✓  ocr+4 enrich+1
  Q82  ✓  ocr+1 enrich+1
  Q84  ✓  ocr+1 enrich+1
  Q91  ✓  ocr+1 enrich+0
  Q93  ✓  ocr+1 enrich+1
  Q65  ✓  ocr+1 enrich+1
  Q98  ✓  ocr+5 enrich+1
[s2/20030810] 대상 13 / 총 100
  Q12  ✓  ocr+0 enrich+1
  Q6  ✓  ocr+1 enrich+1
  Q32  ✓  ocr+1 enrich+1
  Q53  ✓  ocr+1 enrich+1
  Q57  ✓  ocr+1 enrich+1
  Q64  ✓  ocr+1 enrich+1
  Q70  ✓  ocr+1 enrich+1
  Q66  ✓  ocr+1 enrich+1
  Q72  ✓  ocr+1 enrich+1
  Q76  ✓  ocr+4 enrich+1
  Q86  ✓  ocr+0 enrich+1
  Q100  ✓  ocr+7 enrich+1
  Q97  ✓  ocr+5 enrich+1
[s2/20030316] 대상 13 / 총 100
  Q56  ✓  ocr+1 enrich+1
  Q57  ✓  ocr+1 enrich+1
  Q62  ✓  ocr+1 enrich+1
  Q63  ✓  ocr+9 enrich+1
  Q74  ✓  ocr+5 enrich+1
  Q76  ✓  ocr+1 enrich+1
  Q88  ✓  ocr+1 enrich+1
  Q89  ✓  ocr+1 enrich+1
  Q87  ✓  ocr+0 enrich+1
  Q90  ✓  ocr+0 enrich+1
  Q91  ✓  ocr+1 enrich+1
  Q94  ✓  ocr+2 enrich+1
  Q98  ✓  ocr+1 enrich+1
[s2/20020811] 대상 14 / 총 100
  Q26  ✓  ocr+1 enrich+0
  Q9  ✓  ocr+1 enrich+1
  Q37  ✓  ocr+1 enrich+1
  Q50  ✓  ocr+1 enrich+1
  Q63  ✓  ocr+1 enrich+1
  Q65  ✓  ocr+1 enrich+1
  Q66  ✓  ocr+1 enrich+1
  Q67  ✓  ocr+4 enrich+1
  Q69  ✓  ocr+2 enrich+1
  Q71  ✓  ocr+5 enrich+1
  Q74  ✓  ocr+7 enrich+1
  Q82  ✓  ocr+1 enrich+1
  Q75  ✓  ocr+5 enrich+1
  Q88  ✓  ocr+1 enrich+1
[s2/20020310] 대상 10 / 총 100
  Q12  ✓  ocr+1 enrich+1
  Q13  ✓  ocr+1 enrich+1
  Q56  ✓  ocr+1 enrich+1
  Q76  ✓  ocr+1 enrich+1
  Q87  ✓  ocr+1 enrich+1
  Q92  ✓  ocr+1 enrich+1
  Q93  ✓  ocr+1 enrich+1
  Q97  ✓  ocr+1 enrich+1
  Q48  ✓  ocr+1 enrich+1
  Q98  ✓  ocr+1 enrich+1
[s2/20010923] 대상 9 / 총 100
  Q29  ✓  ocr+1 enrich+1
  Q9  ✓  ocr+1 enrich+1
  Q61  ✓  ocr+1 enrich+1
  Q64  ✓  ocr+3 enrich+1
  Q67  ✓  ocr+1 enrich+1
  Q75  ✓  ocr+1 enrich+1
  Q91  ✓  ocr+1 enrich+1
  Q98  ✓  ocr+1 enrich+1
  Q99  ✓  ocr+4 enrich+1
[s2/20000920] 대상 2 / 총 100
  Q35  ✓  ocr+4 enrich+1
  Q72  ✓  ocr+0 enrich+1
[s2/20000312] 대상 10 / 총 100
  Q16  ✓  ocr+1 enrich+1
  Q14  ✓  ocr+1 enrich+1
  Q39  ✓  ocr+1 enrich+1
  Q67  ✓  ocr+1 enrich+1
  Q73  ✓  ocr+1 enrich+1
  Q76  ✓  ocr+1 enrich+1
  Q80  ✓  ocr+1 enrich+1
  Q81  ✓  ocr+4 enrich+1
  Q96  ✓  ocr+4 enrich+1
  Q97  ✓  ocr+1 enrich+1
[s2] ocr+411 enrich+217 failed+0 · 46회차 · 45.4분

=== 총 ocr+411 enrich+217 failed+0 ===
